# JRE version: Java(TM) SE Runtime Environment (8.0_191-b12) (build 1.8.0_191-b12)
# Java VM: Java HotSpot(TM) 64-Bit Server VM (25.191-b12 mixed mode linux-amd64 compressed oops)
Heap:
 PSYoungGen      total 35840K, used 1020K [0x00000000f5b80000, 0x00000000f7f80000, 0x0000000100000000)
  eden space 34816K, 0% used [0x00000000f5b80000,0x00000000f5b80000,0x00000000f7d80000)
  from space 1024K, 99% used [0x00000000f7d80000,0x00000000f7e7f288,0x00000000f7e80000)
  to   space 1024K, 0% used [0x00000000f7e80000,0x00000000f7e80000,0x00000000f7f80000)
 ParOldGen       total 25088K, used 24680K [0x00000000e1200000, 0x00000000e2a80000, 0x00000000f5b80000)
  object space 25088K, 98% used [0x00000000e1200000,0x00000000e2a1a248,0x00000000e2a80000)
 Metaspace       used 14827K, capacity 15352K, committed 15488K, reserved 1062912K
  class space    used 1706K, capacity 1812K, committed 1920K, reserved 1048576K
GC Heap History (9 events):
Event: 0.729 GC heap before
{Heap before GC invocations=1 (full 0):
 PSYoungGen      total 9728K, used 8704K [0x00000000f5b80000, 0x00000000f6600000, 0x0000000100000000)
  eden space 8704K, 100% used [0x00000000f5b80000,0x00000000f6400000,0x00000000f6400000)
  from space 1024K, 0% used [0x00000000f6500000,0x00000000f6500000,0x00000000f6600000)
  to   space 1024K, 0% used [0x00000000f6400000,0x00000000f6400000,0x00000000f6500000)
 ParOldGen       total 22016K, used 0K [0x00000000e1200000, 0x00000000e2780000, 0x00000000f5b80000)
  object space 22016K, 0% used [0x00000000e1200000,0x00000000e1200000,0x00000000e2780000)
 Metaspace       used 6185K, capacity 6368K, committed 6528K, reserved 1056768K
  class space    used 722K, capacity 800K, committed 896K, reserved 1048576K
Event: 0.739 GC heap after
Heap after GC invocations=1 (full 0):
 PSYoungGen      total 9728K, used 1005K [0x00000000f5b80000, 0x00000000f6e80000, 0x0000000100000000)
  eden space 8704K, 0% used [0x00000000f5b80000,0x00000000f5b80000,0x00000000f6400000)
  from space 1024K, 98% used [0x00000000f6400000,0x00000000f64fb5a8,0x00000000f6500000)
  to   space 1024K, 0% used [0x00000000f6d80000,0x00000000f6d80000,0x00000000f6e80000)
 ParOldGen       total 22016K, used 1114K [0x00000000e1200000, 0x00000000e2780000, 0x00000000f5b80000)
  object space 22016K, 5% used [0x00000000e1200000,0x00000000e1316918,0x00000000e2780000)
 Metaspace       used 6185K, capacity 6368K, committed 6528K, reserved 1056768K
  class space    used 722K, capacity 800K, committed 896K, reserved 1048576K
}
Event: 1.095 GC heap before
{Heap before GC invocations=2 (full 0):
 PSYoungGen      total 9728K, used 9709K [0x00000000f5b80000, 0x00000000f6e80000, 0x0000000100000000)
  eden space 8704K, 100% used [0x00000000f5b80000,0x00000000f6400000,0x00000000f6400000)
  from space 1024K, 98% used [0x00000000f6400000,0x00000000f64fb5a8,0x00000000f6500000)
  to   space 1024K, 0% used [0x00000000f6d80000,0x00000000f6d80000,0x00000000f6e80000)
 ParOldGen       total 22016K, used 1114K [0x00000000e1200000, 0x00000000e2780000, 0x00000000f5b80000)
  object space 22016K, 5% used [0x00000000e1200000,0x00000000e1316918,0x00000000e2780000)
 Metaspace       used 9475K, capacity 9664K, committed 9856K, reserved 1058816K
  class space    used 1035K, capacity 1088K, committed 1152K, reserved 1048576K
Event: 1.102 GC heap after
Heap after GC invocations=2 (full 0):
 PSYoungGen      total 18432K, used 1012K [0x00000000f5b80000, 0x00000000f6e80000, 0x0000000100000000)
  eden space 17408K, 0% used [0x00000000f5b80000,0x00000000f5b80000,0x00000000f6c80000)
  from space 1024K, 98% used [0x00000000f6d80000,0x00000000f6e7d148,0x00000000f6e80000)
  to   space 1024K, 0% used [0x00000000f6c80000,0x00000000f6c80000,0x00000000f6d80000)
 ParOldGen       total 22016K, used 3144K [0x00000000e1200000, 0x00000000e2780000, 0x00000000f5b80000)
  object space 22016K, 14% used [0x00000000e1200000,0x00000000e1512008,0x00000000e2780000)
 Metaspace       used 9475K, capacity 9664K, committed 9856K, reserved 1058816K
  class space    used 1035K, capacity 1088K, committed 1152K, reserved 1048576K
}
Event: 1.353 GC heap before
{Heap before GC invocations=3 (full 0):
 PSYoungGen      total 18432K, used 18420K [0x00000000f5b80000, 0x00000000f6e80000, 0x0000000100000000)
  eden space 17408K, 100% used [0x00000000f5b80000,0x00000000f6c80000,0x00000000f6c80000)
  from space 1024K, 98% used [0x00000000f6d80000,0x00000000f6e7d148,0x00000000f6e80000)
  to   space 1024K, 0% used [0x00000000f6c80000,0x00000000f6c80000,0x00000000f6d80000)
 ParOldGen       total 22016K, used 3144K [0x00000000e1200000, 0x00000000e2780000, 0x00000000f5b80000)
  object space 22016K, 14% used [0x00000000e1200000,0x00000000e1512008,0x00000000e2780000)
 Metaspace       used 12555K, capacity 12812K, committed 13056K, reserved 1060864K
  class space    used 1418K, capacity 1489K, committed 1536K, reserved 1048576K
Event: 1.356 GC heap after
Heap after GC invocations=3 (full 0):
 PSYoungGen      total 18432K, used 1014K [0x00000000f5b80000, 0x00000000f7f80000, 0x0000000100000000)
  eden space 17408K, 0% used [0x00000000f5b80000,0x00000000f5b80000,0x00000000f6c80000)
  from space 1024K, 99% used [0x00000000f6c80000,0x00000000f6d7dac8,0x00000000f6d80000)
  to   space 1024K, 0% used [0x00000000f7e80000,0x00000000f7e80000,0x00000000f7f80000)
 ParOldGen       total 22016K, used 6156K [0x00000000e1200000, 0x00000000e2780000, 0x00000000f5b80000)
  object space 22016K, 27% used [0x00000000e1200000,0x00000000e18031d8,0x00000000e2780000)
 Metaspace       used 12555K, capacity 12812K, committed 13056K, reserved 1060864K
  class space    used 1418K, capacity 1489K, committed 1536K, reserved 1048576K
}
Event: 2.175 GC heap before
{Heap before GC invocations=4 (full 0):
 PSYoungGen      total 18432K, used 18422K [0x00000000f5b80000, 0x00000000f7f80000, 0x0000000100000000)
  eden space 17408K, 100% used [0x00000000f5b80000,0x00000000f6c80000,0x00000000f6c80000)
  from space 1024K, 99% used [0x00000000f6c80000,0x00000000f6d7dac8,0x00000000f6d80000)
  to   space 1024K, 0% used [0x00000000f7e80000,0x00000000f7e80000,0x00000000f7f80000)
 ParOldGen       total 22016K, used 6156K [0x00000000e1200000, 0x00000000e2780000, 0x00000000f5b80000)
  object space 22016K, 27% used [0x00000000e1200000,0x00000000e18031d8,0x00000000e2780000)
 Metaspace       used 13560K, capacity 13980K, committed 14208K, reserved 1062912K
  class space    used 1557K, capacity 1654K, committed 1664K, reserved 1048576K
Event: 2.204 GC heap after
Heap after GC invocations=4 (full 0):
 PSYoungGen      total 35840K, used 1016K [0x00000000f5b80000, 0x00000000f7f80000, 0x0000000100000000)
  eden space 34816K, 0% used [0x00000000f5b80000,0x00000000f5b80000,0x00000000f7d80000)
  from space 1024K, 99% used [0x00000000f7e80000,0x00000000f7f7e010,0x00000000f7f80000)
  to   space 1024K, 0% used [0x00000000f7d80000,0x00000000f7d80000,0x00000000f7e80000)
 ParOldGen       total 22016K, used 8805K [0x00000000e1200000, 0x00000000e2780000, 0x00000000f5b80000)
  object space 22016K, 39% used [0x00000000e1200000,0x00000000e1a99468,0x00000000e2780000)
 Metaspace       used 13560K, capacity 13980K, committed 14208K, reserved 1062912K
  class space    used 1557K, capacity 1654K, committed 1664K, reserved 1048576K
}
Event: 10.286 GC heap before
{Heap before GC invocations=5 (full 0):
 PSYoungGen      total 35840K, used 35832K [0x00000000f5b80000, 0x00000000f7f80000, 0x0000000100000000)
  eden space 34816K, 100% used [0x00000000f5b80000,0x00000000f7d80000,0x00000000f7d80000)
  from space 1024K, 99% used [0x00000000f7e80000,0x00000000f7f7e010,0x00000000f7f80000)
  to   space 1024K, 0% used [0x00000000f7d80000,0x00000000f7d80000,0x00000000f7e80000)
 ParOldGen       total 22016K, used 8805K [0x00000000e1200000, 0x00000000e2780000, 0x00000000f5b80000)
  object space 22016K, 39% used [0x00000000e1200000,0x00000000e1a99468,0x00000000e2780000)
 Metaspace       used 14827K, capacity 15352K, committed 15488K, reserved 1062912K
  class space    used 1706K, capacity 1812K, committed 1920K, reserved 1048576K

